2025-09-30 23:31:24,782 [INFO] Activator:176 - 


2025-09-30 23:31:24,787 [INFO] Activator:177 - !SESSION log4j initialized
2025-09-30 23:31:30,850 [INFO] LogOutputStream:77 - [STDOUT_REDIRECT] 
2025-09-30 23:31:33,222 [INFO] ApplicationProperties:184 - Using Application install path: C:\ST\STM32CubeIDE_1.19.0\STM32CubeIDE\plugins\com.st.stm32cube.common.mx_6.15.0.202507011659
2025-09-30 23:31:33,235 [INFO] DbMcusXml:78 - Set database path to: C:\ST\STM32CubeIDE_1.19.0\STM32CubeIDE\plugins\com.st.stm32cube.common.mx_6.15.0.202507011659\\db\/mcu/
2025-09-30 23:31:33,235 [INFO] ApiDb:274 - Set plugin database path to: C:\ST\STM32CubeIDE_1.19.0\STM32CubeIDE\plugins\com.st.stm32cube.common.mx_6.15.0.202507011659\\db\/plugins/boardmanager/
2025-09-30 23:31:33,236 [WARN] ApiDb:259 - Overriding images path with different value:  => C:\ST\STM32CubeIDE_1.19.0\STM32CubeIDE\plugins\com.st.stm32cube.common.mx_6.15.0.202507011659\\db\/plugins/mcufinder/images/
2025-09-30 23:31:33,249 [INFO] ApiDb:250 - Set database path to: C:\Users\sudharsan\.stmcufinder\plugins\mcufinder//mcu/
2025-09-30 23:31:33,250 [INFO] DbMcusAds:125 - Set database path to: C:\Users\sudharsan\.stmcufinder\plugins\mcufinder//mcu/
2025-09-30 23:31:33,252 [INFO] CrossReferenceDbSqlite:203 - Set database path to: C:\Users\sudharsan\.stmcufinder\plugins\mcufinder//mcu/cs/
2025-09-30 23:31:33,364 [INFO] RulesReader:64 - Compatibility file has been processed (317 Rules)
2025-09-30 23:31:33,450 [INFO] DbMcusXml:78 - Set database path to: C:\ST\STM32CubeIDE_1.19.0\STM32CubeIDE\plugins\com.st.stm32cube.common.mx_6.15.0.202507011659\\db\/mcu/
2025-09-30 23:31:33,450 [INFO] ApiDb:274 - Set plugin database path to: C:\ST\STM32CubeIDE_1.19.0\STM32CubeIDE\plugins\com.st.stm32cube.common.mx_6.15.0.202507011659\\db\/plugins/boardmanager/
2025-09-30 23:31:33,450 [INFO] ApiDb:261 - Set plugin images path to: C:\ST\STM32CubeIDE_1.19.0\STM32CubeIDE\plugins\com.st.stm32cube.common.mx_6.15.0.202507011659\\db\/plugins/mcufinder/images/
2025-09-30 23:31:33,450 [WARN] DbFile:41 - Overriding database path with different value: C:\Users\sudharsan\.stmcufinder\plugins\mcufinder/ => C:\Users\sudharsan\.stmcufinder\plugins\mcufinder
2025-09-30 23:31:33,451 [INFO] ApiDb:250 - Set database path to: C:\Users\sudharsan\.stmcufinder\plugins\mcufinder//mcu/
2025-09-30 23:31:33,451 [WARN] DbFile:41 - Overriding database path with different value: C:\Users\sudharsan\.stmcufinder\plugins\mcufinder/ => C:\Users\sudharsan\.stmcufinder\plugins\mcufinder
2025-09-30 23:31:33,451 [INFO] DbMcusAds:125 - Set database path to: C:\Users\sudharsan\.stmcufinder\plugins\mcufinder//mcu/
2025-09-30 23:31:33,451 [WARN] DbFile:41 - Overriding database path with different value: C:\Users\sudharsan\.stmcufinder\plugins\mcufinder/ => C:\Users\sudharsan\.stmcufinder\plugins\mcufinder
2025-09-30 23:31:33,451 [WARN] DbFile:41 - Overriding database path with different value: C:\Users\sudharsan\.stmcufinder\plugins\mcufinder/ => C:\Users\sudharsan\.stmcufinder\plugins\mcufinder
2025-09-30 23:31:33,451 [INFO] CrossReferenceDbSqlite:203 - Set database path to: C:\Users\sudharsan\.stmcufinder\plugins\mcufinder//mcu/cs/
2025-09-30 23:31:33,537 [INFO] MainPanel:274 - HeapMemory: 268435456
2025-09-30 23:31:33,689 [INFO] DbMcusXml:78 - Set database path to: C:\ST\STM32CubeIDE_1.19.0\STM32CubeIDE\plugins\com.st.stm32cube.common.mx_6.15.0.202507011659\\db\/mcu/
2025-09-30 23:31:33,689 [INFO] ApiDb:274 - Set plugin database path to: C:\ST\STM32CubeIDE_1.19.0\STM32CubeIDE\plugins\com.st.stm32cube.common.mx_6.15.0.202507011659\\db\/plugins/boardmanager/
2025-09-30 23:31:33,689 [INFO] ApiDb:261 - Set plugin images path to: C:\ST\STM32CubeIDE_1.19.0\STM32CubeIDE\plugins\com.st.stm32cube.common.mx_6.15.0.202507011659\\db\/plugins/mcufinder/images/
2025-09-30 23:31:33,690 [WARN] DbFile:41 - Overriding database path with different value: C:\Users\sudharsan\.stmcufinder\plugins\mcufinder/ => C:\Users\sudharsan\.stmcufinder\plugins\mcufinder
2025-09-30 23:31:33,690 [INFO] ApiDb:250 - Set database path to: C:\Users\sudharsan\.stmcufinder\plugins\mcufinder//mcu/
2025-09-30 23:31:33,690 [WARN] DbFile:41 - Overriding database path with different value: C:\Users\sudharsan\.stmcufinder\plugins\mcufinder/ => C:\Users\sudharsan\.stmcufinder\plugins\mcufinder
2025-09-30 23:31:33,690 [INFO] DbMcusAds:125 - Set database path to: C:\Users\sudharsan\.stmcufinder\plugins\mcufinder//mcu/
2025-09-30 23:31:33,690 [WARN] DbFile:41 - Overriding database path with different value: C:\Users\sudharsan\.stmcufinder\plugins\mcufinder/ => C:\Users\sudharsan\.stmcufinder\plugins\mcufinder
2025-09-30 23:31:33,690 [WARN] DbFile:41 - Overriding database path with different value: C:\Users\sudharsan\.stmcufinder\plugins\mcufinder/ => C:\Users\sudharsan\.stmcufinder\plugins\mcufinder
2025-09-30 23:31:33,690 [INFO] CrossReferenceDbSqlite:203 - Set database path to: C:\Users\sudharsan\.stmcufinder\plugins\mcufinder//mcu/cs/
2025-09-30 23:31:33,710 [INFO] ApplicationProperties:184 - Using Application install path: C:\ST\STM32CubeIDE_1.19.0\STM32CubeIDE\plugins\com.st.stm32cube.common.mx_6.15.0.202507011659
2025-09-30 23:31:33,711 [INFO] PluginManage:196 - Search for loadable plugins [exclusion list=, ]
2025-09-30 23:31:33,712 [INFO] PluginManage:310 - Check plugin analytics
2025-09-30 23:31:33,884 [INFO] AnalyticsPlugin:253 - Accepted Software Licenses: 
2025-09-30 23:31:33,884 [INFO] AnalyticsPlugin:255 - Accepted CMSIS Pack Licenses: 
2025-09-30 23:31:33,884 [INFO] AnalyticsPlugin:257 - Accepted Firmware Licenses: FW.F4.1.28.0
2025-09-30 23:31:33,888 [INFO] PluginManage:359 - Loaded plugin analytics (category:tool,tabindex:-1)
2025-09-30 23:31:33,889 [INFO] PluginManage:310 - Check plugin cadmodel
2025-09-30 23:31:33,916 [INFO] CADModel:105 - Init CAD model plugin
2025-09-30 23:31:33,917 [INFO] PluginManage:359 - Loaded plugin cadmodel (category:power,tabindex:5)
2025-09-30 23:31:33,917 [INFO] PluginManage:310 - Check plugin clock
2025-09-30 23:31:33,931 [INFO] PluginManage:359 - Loaded plugin clock (category:base,tabindex:2)
2025-09-30 23:31:33,931 [INFO] PluginManage:310 - Check plugin ddr
2025-09-30 23:31:33,933 [INFO] PluginManage:359 - Loaded plugin ddr (category:tool,tabindex:6)
2025-09-30 23:31:33,933 [INFO] PluginManage:310 - Check plugin filemanager
2025-09-30 23:31:34,086 [INFO] PluginManage:359 - Loaded plugin filemanager (category:base,tabindex:10)
2025-09-30 23:31:34,087 [INFO] PluginManage:310 - Check plugin ipmanager
2025-09-30 23:31:34,093 [INFO] PluginManage:359 - Loaded plugin ipmanager (category:base,tabindex:5)
2025-09-30 23:31:34,093 [INFO] PluginManage:310 - Check plugin lpbam
2025-09-30 23:31:34,279 [INFO] PluginManage:359 - Loaded plugin lpbam (category:base,tabindex:0)
2025-09-30 23:31:34,279 [INFO] PluginManage:310 - Check plugin memorymap
2025-09-30 23:31:34,408 [INFO] PluginManage:359 - Loaded plugin memorymap (category:base,tabindex:4)
2025-09-30 23:31:34,409 [INFO] PluginManage:310 - Check plugin pinoutandconfiguration
2025-09-30 23:31:34,423 [INFO] PluginManage:359 - Loaded plugin pinoutandconfiguration (category:base,tabindex:1)
2025-09-30 23:31:34,423 [INFO] PluginManage:310 - Check plugin pinoutconfig
2025-09-30 23:31:34,526 [WARN] SupportedApi:132 - Cannot load RTOS API schema: s4s-elt-must-match.1: The content of 'definitions' must match (annotation?, (simpleType | complexType)?, (unique | key | keyref)*)). A problem was found starting at: attribute.
2025-09-30 23:31:34,634 [INFO] PluginManage:359 - Loaded plugin pinoutconfig (category:base,tabindex:0)
2025-09-30 23:31:34,634 [INFO] PluginManage:310 - Check plugin power
2025-09-30 23:31:34,709 [INFO] PluginManage:359 - Loaded plugin power (category:power,tabindex:4)
2025-09-30 23:31:34,710 [INFO] PluginManage:310 - Check plugin projectmanager
2025-09-30 23:31:34,730 [INFO] PluginManage:359 - Loaded plugin projectmanager (category:projectmanager,tabindex:4)
2025-09-30 23:31:34,730 [INFO] PluginManage:310 - Check plugin rif
2025-09-30 23:31:34,749 [INFO] PluginManage:359 - Loaded plugin rif (category:base,tabindex:3)
2025-09-30 23:31:34,749 [INFO] PluginManage:310 - Check plugin thirdparty
2025-09-30 23:31:34,992 [INFO] PluginManage:359 - Loaded plugin thirdparty (category:base,tabindex:-1)
2025-09-30 23:31:34,992 [INFO] PluginManage:310 - Check plugin tools
2025-09-30 23:31:34,993 [WARN] IntegrityCheckThread:84 - waiting for thirdparty lock release [integrity check]
2025-09-30 23:31:34,994 [INFO] IntegrityCheckThread:86 - entering critical section [integrity check]
2025-09-30 23:31:34,994 [INFO] ThirdPartyUpdaterWithRetryManager:70 - Updater plugin not ready yet. [1/15]
2025-09-30 23:31:35,010 [INFO] PluginManage:359 - Loaded plugin tools (category:base,tabindex:7)
2025-09-30 23:31:35,010 [INFO] PluginManage:310 - Check plugin tutovideos
2025-09-30 23:31:35,293 [INFO] PluginManage:359 - Loaded plugin tutovideos (category:base,tabindex:-1)
2025-09-30 23:31:35,293 [INFO] PluginManage:310 - Check plugin updater
2025-09-30 23:31:35,323 [INFO] PluginManage:359 - Loaded plugin updater (category:base,tabindex:12)
2025-09-30 23:31:35,323 [INFO] PluginManage:310 - Check plugin userauth
2025-09-30 23:31:35,327 [INFO] UserAuth:118 - Init User Auth plugin
2025-09-30 23:31:35,328 [INFO] PluginManage:359 - Loaded plugin userauth (category:base,tabindex:14)
2025-09-30 23:31:35,329 [INFO] PluginManage:283 - PluginManage : Loaded plugins [18]
2025-09-30 23:31:35,555 [INFO] PinOutPanel:1589 - setPackage(No Configuration,No Configuration)
2025-09-30 23:31:35,644 [INFO] CADModel:165 - CPN selected for project level
2025-09-30 23:31:35,644 [INFO] CADModel:114 - Register for checkConnection events
2025-09-30 23:31:35,703 [INFO] IPUIPlugin:80 - create IPUIPlugin
2025-09-30 23:31:35,704 [INFO] PluginManager:220 - loadIPPluginJar : add adc
2025-09-30 23:31:35,720 [INFO] IPUIPlugin:80 - create IPUIPlugin
2025-09-30 23:31:35,720 [INFO] PluginManager:220 - loadIPPluginJar : add aes
2025-09-30 23:31:35,740 [INFO] IPUIPlugin:80 - create IPUIPlugin
2025-09-30 23:31:35,740 [INFO] PluginManager:220 - loadIPPluginJar : add can
2025-09-30 23:31:35,752 [INFO] IPUIPlugin:80 - create IPUIPlugin
2025-09-30 23:31:35,752 [INFO] PluginManager:220 - loadIPPluginJar : add comp
2025-09-30 23:31:35,769 [INFO] IPUIPlugin:80 - create IPUIPlugin
2025-09-30 23:31:35,769 [INFO] PluginManager:220 - loadIPPluginJar : add cryp
2025-09-30 23:31:35,778 [INFO] IPUIPlugin:80 - create IPUIPlugin
2025-09-30 23:31:35,779 [INFO] PluginManager:220 - loadIPPluginJar : add ddr_ctrl_phy
2025-09-30 23:31:35,793 [INFO] IPUIPlugin:80 - create IPUIPlugin
2025-09-30 23:31:35,793 [INFO] PluginManager:220 - loadIPPluginJar : add dfsdm
2025-09-30 23:31:35,834 [INFO] IPUIPlugin:80 - create IPUIPlugin
2025-09-30 23:31:35,834 [INFO] PluginManager:220 - loadIPPluginJar : add dma
2025-09-30 23:31:35,854 [INFO] IPUIPlugin:80 - create IPUIPlugin
2025-09-30 23:31:35,854 [INFO] PluginManager:220 - loadIPPluginJar : add dma3
2025-09-30 23:31:35,873 [INFO] IPUIPlugin:80 - create IPUIPlugin
2025-09-30 23:31:35,873 [INFO] PluginManager:220 - loadIPPluginJar : add extmemmanager
2025-09-30 23:31:35,883 [INFO] IPUIPlugin:80 - create IPUIPlugin
2025-09-30 23:31:35,884 [INFO] PluginManager:220 - loadIPPluginJar : add fatfs
2025-09-30 23:31:35,902 [INFO] IPUIPlugin:80 - create IPUIPlugin
2025-09-30 23:31:35,902 [INFO] PluginManager:220 - loadIPPluginJar : add fmc
2025-09-30 23:31:35,914 [INFO] IPUIPlugin:80 - create IPUIPlugin
2025-09-30 23:31:35,915 [INFO] PluginManager:220 - loadIPPluginJar : add freertos
2025-09-30 23:31:35,925 [INFO] IPUIPlugin:80 - create IPUIPlugin
2025-09-30 23:31:35,925 [INFO] PluginManager:220 - loadIPPluginJar : add genericplugin
2025-09-30 23:31:35,962 [INFO] IPUIPlugin:80 - create IPUIPlugin
2025-09-30 23:31:35,962 [INFO] PluginManager:220 - loadIPPluginJar : add gfxmmu
2025-09-30 23:31:36,030 [INFO] IPUIPlugin:80 - create IPUIPlugin
2025-09-30 23:31:36,031 [INFO] PluginManager:220 - loadIPPluginJar : add gic
2025-09-30 23:31:36,122 [INFO] IPUIPlugin:80 - create IPUIPlugin
2025-09-30 23:31:36,122 [INFO] PluginManager:220 - loadIPPluginJar : add gpio
2025-09-30 23:31:36,160 [INFO] IPUIPlugin:80 - create IPUIPlugin
2025-09-30 23:31:36,160 [INFO] PluginManager:220 - loadIPPluginJar : add gtzc
2025-09-30 23:31:36,175 [INFO] IPUIPlugin:80 - create IPUIPlugin
2025-09-30 23:31:36,176 [INFO] PluginManager:220 - loadIPPluginJar : add hash
2025-09-30 23:31:36,198 [INFO] IPUIPlugin:80 - create IPUIPlugin
2025-09-30 23:31:36,198 [INFO] PluginManager:220 - loadIPPluginJar : add i2c
2025-09-30 23:31:36,215 [INFO] IPUIPlugin:80 - create IPUIPlugin
2025-09-30 23:31:36,215 [INFO] PluginManager:220 - loadIPPluginJar : add i2s
2025-09-30 23:31:36,232 [INFO] IPUIPlugin:80 - create IPUIPlugin
2025-09-30 23:31:36,233 [INFO] PluginManager:220 - loadIPPluginJar : add i3c
2025-09-30 23:31:36,263 [INFO] IPUIPlugin:80 - create IPUIPlugin
2025-09-30 23:31:36,263 [INFO] PluginManager:220 - loadIPPluginJar : add ipddr
2025-09-30 23:31:36,301 [INFO] IPUIPlugin:80 - create IPUIPlugin
2025-09-30 23:31:36,301 [INFO] PluginManager:220 - loadIPPluginJar : add linkedlist
2025-09-30 23:31:36,318 [INFO] IPUIPlugin:80 - create IPUIPlugin
2025-09-30 23:31:36,318 [INFO] PluginManager:220 - loadIPPluginJar : add lorawan
2025-09-30 23:31:36,334 [INFO] IPUIPlugin:80 - create IPUIPlugin
2025-09-30 23:31:36,334 [INFO] PluginManager:220 - loadIPPluginJar : add ltdc
2025-09-30 23:31:36,409 [INFO] IPUIPlugin:80 - create IPUIPlugin
2025-09-30 23:31:36,409 [INFO] PluginManager:220 - loadIPPluginJar : add mdma
2025-09-30 23:31:36,502 [INFO] IPUIPlugin:80 - create IPUIPlugin
2025-09-30 23:31:36,503 [INFO] PluginManager:220 - loadIPPluginJar : add nvic
2025-09-30 23:31:36,519 [INFO] IPUIPlugin:80 - create IPUIPlugin
2025-09-30 23:31:36,519 [INFO] PluginManager:220 - loadIPPluginJar : add opamp
2025-09-30 23:31:36,547 [INFO] IPUIPlugin:80 - create IPUIPlugin
2025-09-30 23:31:36,547 [INFO] PluginManager:220 - loadIPPluginJar : add openamp
2025-09-30 23:31:36,566 [INFO] IPUIPlugin:80 - create IPUIPlugin
2025-09-30 23:31:36,566 [INFO] PluginManager:220 - loadIPPluginJar : add pdm2pcm
2025-09-30 23:31:36,650 [INFO] IPUIPlugin:80 - create IPUIPlugin
2025-09-30 23:31:36,651 [INFO] PluginManager:220 - loadIPPluginJar : add plateformsettings
2025-09-30 23:31:36,662 [INFO] IPUIPlugin:80 - create IPUIPlugin
2025-09-30 23:31:36,662 [INFO] PluginManager:220 - loadIPPluginJar : add quadspi
2025-09-30 23:31:36,674 [INFO] IPUIPlugin:80 - create IPUIPlugin
2025-09-30 23:31:36,675 [INFO] PluginManager:220 - loadIPPluginJar : add radio
2025-09-30 23:31:36,684 [INFO] IPUIPlugin:80 - create IPUIPlugin
2025-09-30 23:31:36,684 [INFO] PluginManager:220 - loadIPPluginJar : add resmgrutility
2025-09-30 23:31:36,703 [INFO] IPUIPlugin:80 - create IPUIPlugin
2025-09-30 23:31:36,703 [INFO] PluginManager:220 - loadIPPluginJar : add sai
2025-09-30 23:31:36,720 [INFO] IPUIPlugin:80 - create IPUIPlugin
2025-09-30 23:31:36,720 [INFO] PluginManager:220 - loadIPPluginJar : add spi
2025-09-30 23:31:36,746 [INFO] IPUIPlugin:80 - create IPUIPlugin
2025-09-30 23:31:36,746 [INFO] PluginManager:220 - loadIPPluginJar : add stm32_wpan
2025-09-30 23:31:36,756 [INFO] IPUIPlugin:80 - create IPUIPlugin
2025-09-30 23:31:36,756 [INFO] PluginManager:220 - loadIPPluginJar : add tim
2025-09-30 23:31:36,780 [INFO] IPUIPlugin:80 - create IPUIPlugin
2025-09-30 23:31:36,780 [INFO] PluginManager:220 - loadIPPluginJar : add touchsensing
2025-09-30 23:31:36,792 [INFO] IPUIPlugin:80 - create IPUIPlugin
2025-09-30 23:31:36,792 [INFO] PluginManager:220 - loadIPPluginJar : add tracer_emb
2025-09-30 23:31:36,804 [INFO] IPUIPlugin:80 - create IPUIPlugin
2025-09-30 23:31:36,804 [INFO] PluginManager:220 - loadIPPluginJar : add ts
2025-09-30 23:31:36,816 [INFO] IPUIPlugin:80 - create IPUIPlugin
2025-09-30 23:31:36,816 [INFO] PluginManager:220 - loadIPPluginJar : add tsc
2025-09-30 23:31:36,828 [INFO] IPUIPlugin:80 - create IPUIPlugin
2025-09-30 23:31:36,828 [INFO] PluginManager:220 - loadIPPluginJar : add ucpd
2025-09-30 23:31:36,849 [INFO] IPUIPlugin:80 - create IPUIPlugin
2025-09-30 23:31:36,849 [INFO] PluginManager:220 - loadIPPluginJar : add usart
2025-09-30 23:31:36,870 [INFO] IPUIPlugin:80 - create IPUIPlugin
2025-09-30 23:31:36,870 [INFO] PluginManager:220 - loadIPPluginJar : add usbx
2025-09-30 23:31:36,991 [FATAL] Updater:351 - Updater called before beeing initialized
2025-09-30 23:31:37,033 [INFO] RulesReader:64 - Compatibility file has been processed (317 Rules)
2025-09-30 23:31:37,042 [INFO] RulesReader:64 - Compatibility file has been processed (317 Rules)
2025-09-30 23:31:37,050 [INFO] CADModel:165 - CPN selected for project level
2025-09-30 23:31:37,050 [INFO] CADModel:114 - Register for checkConnection events
2025-09-30 23:31:37,050 [FATAL] Updater:351 - Updater called before beeing initialized
2025-09-30 23:31:37,050 [ERROR] CADModel:125 - Updater not yet initialized, retry later 
2025-09-30 23:31:37,211 [FATAL] Updater:351 - Updater called before beeing initialized
2025-09-30 23:31:37,214 [INFO] CADModel:165 - CPN selected for project level
2025-09-30 23:31:37,214 [INFO] CADModel:114 - Register for checkConnection events
2025-09-30 23:31:37,214 [FATAL] Updater:351 - Updater called before beeing initialized
2025-09-30 23:31:37,214 [ERROR] CADModel:125 - Updater not yet initialized, retry later 
2025-09-30 23:31:37,217 [FATAL] Updater:351 - Updater called before beeing initialized
2025-09-30 23:31:37,376 [FATAL] Updater:351 - Updater called before beeing initialized
2025-09-30 23:31:37,383 [INFO] DbMcusAds:53 - JSON generation date=Tue Jul 08 13:44:23 IST 2025 (1751962463524)
2025-09-30 23:31:37,384 [FATAL] Updater:351 - Updater called before beeing initialized
2025-09-30 23:31:37,430 [WARN] DetailPanel:346 - Failed to get advertising image, set to default
2025-09-30 23:31:37,540 [FATAL] Updater:351 - Updater called before beeing initialized
2025-09-30 23:31:37,541 [FATAL] Updater:351 - Updater called before beeing initialized
2025-09-30 23:31:37,541 [FATAL] Updater:351 - Updater called before beeing initialized
2025-09-30 23:31:37,541 [WARN] DetailPanel:346 - Failed to get advertising image, set to default
2025-09-30 23:31:37,542 [FATAL] Updater:351 - Updater called before beeing initialized
2025-09-30 23:31:37,590 [ERROR] Updater:1198 - MainUpdater not yet initialized. External WinMGr cannot be set.
2025-09-30 23:31:37,595 [INFO] Updater:1134 - Updater Version found : 6.15.0
2025-09-30 23:31:37,606 [INFO] ApplicationProperties:184 - Using Application install path: C:\ST\STM32CubeIDE_1.19.0\STM32CubeIDE\plugins\com.st.stm32cube.common.mx_6.15.0.202507011659
2025-09-30 23:31:37,995 [INFO] ThirdPartyUpdaterWithRetryManager:70 - Updater plugin not ready yet. [2/15]
2025-09-30 23:31:39,183 [ERROR] LogOutputStream:75 - [STDERR_REDIRECT] Sep 30, 2025 11:31:39 PM java.util.prefs.WindowsPreferences <init>
2025-09-30 23:31:39,184 [ERROR] LogOutputStream:75 - [STDERR_REDIRECT] WARNING: Could not open/create prefs root node Software\JavaSoft\Prefs at root 0xffffffff80000002. Windows RegCreateKeyEx(...) returned error code 5.
2025-09-30 23:31:39,185 [ERROR] LogOutputStream:75 - [STDERR_REDIRECT] 
2025-09-30 23:31:39,655 [INFO] MainUpdater:2872 - connection check result : 10
2025-09-30 23:31:39,655 [INFO] MainUpdater:289 - Updater Check For Update Now.
2025-09-30 23:31:39,656 [INFO] MicroXplorer:498 - Change Database Version : DB.6.0.150
2025-09-30 23:31:39,671 [INFO] McuFinderGlobals:63 - Set McuFinder mode to 2 (CubeIDE integrated)
2025-09-30 23:31:39,677 [INFO] UserAuth:487 - Internet connection configuration mode: 1
2025-09-30 23:31:39,696 [INFO] JxBrowserEngine:152 - Initiate JxBrowser Engine with user profile folder
2025-09-30 23:31:39,848 [INFO] CheckServerUpdateThread:120 - End of CheckServer Thread
2025-09-30 23:31:41,323 [WARN] PackLoader:240 - Cannot read IP mode file for STMicroelectronics.FP-SNS-MOTENVWB1.1.4.0
2025-09-30 23:31:41,379 [WARN] PackLoader:240 - Cannot read IP mode file for STMicroelectronics.FP-ATR-ASTRA1.2.0.2
2025-09-30 23:31:41,407 [WARN] PackLoader:240 - Cannot read IP mode file for STMicroelectronics.X-CUBE-SMBUS.2.1.0
2025-09-30 23:31:41,422 [WARN] PackLoader:240 - Cannot read IP mode file for STMicroelectronics.X-CUBE-ST60.1.0.0
2025-09-30 23:31:41,474 [WARN] PackLoader:240 - Cannot read IP mode file for STMicroelectronics.X-CUBE-AZRTOS-F7.1.1.0
2025-09-30 23:31:41,526 [INFO] WebApp:169 - Instantiating new browser for Auth
2025-09-30 23:31:41,555 [WARN] PackLoader:240 - Cannot read IP mode file for WES.I-CUBE-Cesium.1.4.0
2025-09-30 23:31:41,612 [WARN] PackLoader:240 - Cannot read IP mode file for Infineon.AIROC-Wi-Fi-Bluetooth-STM32.1.7.1
2025-09-30 23:31:41,689 [WARN] PackLoader:240 - Cannot read IP mode file for STMicroelectronics.X-CUBE-AZRTOS-H7.3.4.0
2025-09-30 23:31:41,747 [WARN] PackLoader:240 - Cannot read IP mode file for STMicroelectronics.X-CUBE-DISPLAY.3.0.0
2025-09-30 23:31:41,789 [WARN] PackLoader:240 - Cannot read IP mode file for STMicroelectronics.X-CUBE-NFC10.1.0.0
2025-09-30 23:31:41,812 [WARN] PackLoader:240 - Cannot read IP mode file for emotas.I-CUBE-CANOPEN.1.3.0
2025-09-30 23:31:41,835 [WARN] PackLoader:240 - Cannot read IP mode file for STMicroelectronics.FP-SNS-STBOX1.2.1.0
2025-09-30 23:31:41,868 [WARN] PackLoader:240 - Cannot read IP mode file for STMicroelectronics.FP-SNS-SMARTAG2.1.2.0
2025-09-30 23:31:41,914 [WARN] PackLoader:240 - Cannot read IP mode file for STMicroelectronics.FP-SNS-FLIGHT1.5.1.0
2025-09-30 23:31:41,937 [INFO] LogOutputStream:77 - [STDOUT_REDIRECT] 1 : Invalid condition id : UX_CORESTACK_Condition cause : null
2025-09-30 23:31:41,938 [INFO] LogOutputStream:77 - [STDOUT_REDIRECT] 1 : Invalid condition id : UX_CORESTACK_Condition cause : null
2025-09-30 23:31:41,939 [INFO] LogOutputStream:77 - [STDOUT_REDIRECT] 1 : Invalid condition id : UX_CORESTACK_Condition cause : null
2025-09-30 23:31:41,940 [INFO] LogOutputStream:77 - [STDOUT_REDIRECT] 1 : Invalid condition id : UX_CORESTACK_Condition cause : null
2025-09-30 23:31:41,941 [INFO] LogOutputStream:77 - [STDOUT_REDIRECT] 1 : Invalid condition id : UX_CORESTACK_Condition cause : null
2025-09-30 23:31:41,943 [WARN] PackLoader:240 - Cannot read IP mode file for STMicroelectronics.X-CUBE-AZRTOS-WL.2.0.0
2025-09-30 23:31:41,955 [WARN] PackLoader:240 - Cannot read IP mode file for STMicroelectronics.FP-SNS-MOTENV1.5.0.0
2025-09-30 23:31:41,967 [WARN] PackLoader:240 - Cannot read IP mode file for STMicroelectronics.X-CUBE-BLE2.3.3.0
2025-09-30 23:31:41,979 [WARN] PackLoader:240 - Cannot read IP mode file for STMicroelectronics.X-CUBE-NFC9.1.0.0
2025-09-30 23:31:41,990 [WARN] PackLoader:240 - Cannot read IP mode file for wolfSSL.I-CUBE-wolfSSL.5.8.2
2025-09-30 23:31:42,008 [WARN] PackLoader:240 - Cannot read IP mode file for STMicroelectronics.X-CUBE-BLE1.7.1.0
2025-09-30 23:31:42,016 [WARN] PackLoader:240 - Cannot read IP mode file for wolfSSL.I-CUBE-wolfMQTT.1.19.2
2025-09-30 23:31:42,026 [WARN] PackLoader:240 - Cannot read IP mode file for STMicroelectronics.X-CUBE-EEPRMA1.5.2.0
2025-09-30 23:31:42,061 [WARN] PackLoader:240 - Cannot read IP mode file for STMicroelectronics.X-CUBE-AZRTOS-G0.1.1.0
2025-09-30 23:31:42,088 [WARN] PackLoader:240 - Cannot read IP mode file for STMicroelectronics.X-CUBE-SAFEA1.1.2.2
2025-09-30 23:31:42,107 [WARN] PackLoader:240 - Cannot read IP mode file for STMicroelectronics.X-CUBE-NFC4.3.0.0
2025-09-30 23:31:42,128 [WARN] PackLoader:240 - Cannot read IP mode file for EmbeddedOffice.I-CUBE-FS-RTOS.1.0.1
2025-09-30 23:31:42,153 [WARN] PackLoader:240 - Cannot read IP mode file for STMicroelectronics.X-CUBE-WB05N.2.0.0
2025-09-30 23:31:42,179 [WARN] PackLoader:240 - Cannot read IP mode file for wolfSSL.I-CUBE-wolfTPM.3.8.0
2025-09-30 23:31:42,190 [WARN] PackLoader:240 - Cannot read IP mode file for STMicroelectronics.X-CUBE-TCPP.4.2.0
2025-09-30 23:31:42,204 [WARN] PackLoader:240 - Cannot read IP mode file for RealThread.X-CUBE-RT-Thread_Nano.4.1.1
2025-09-30 23:31:42,212 [WARN] PackLoader:240 - Cannot read IP mode file for STMicroelectronics.FP-ATR-SIGFOX1.3.2.0
2025-09-30 23:31:42,229 [WARN] PackLoader:240 - Cannot read IP mode file for ITTIA_DB.I-CUBE-ITTIADB.8.9.0
2025-09-30 23:31:42,242 [WARN] PackLoader:240 - Cannot read IP mode file for STMicroelectronics.X-CUBE-ST67W61.1.0.0
2025-09-30 23:31:42,277 [WARN] PackLoader:240 - Cannot read IP mode file for STMicroelectronics.X-CUBE-AI.10.2.0
2025-09-30 23:31:42,315 [WARN] PackLoader:240 - Cannot read IP mode file for SEGGER.I-CUBE-embOS.1.3.1
2025-09-30 23:31:42,406 [WARN] PackLoader:240 - Cannot read IP mode file for STMicroelectronics.X-CUBE-ALGOBUILD.1.4.0
2025-09-30 23:31:42,548 [WARN] PackLoader:240 - Cannot read IP mode file for STMicroelectronics.X-CUBE-MEMS1.11.3.0
2025-09-30 23:31:42,716 [WARN] PackLoader:240 - Cannot read IP mode file for STMicroelectronics.X-CUBE-PM33A1.1.0.0
2025-09-30 23:31:42,725 [INFO] WebApp:463 - Apply proxy settings
2025-09-30 23:31:42,726 [INFO] WebApp:548 - Chromium requires no authentication
2025-09-30 23:31:42,732 [INFO] WebApp:491 - Direct internet connection detected
2025-09-30 23:31:42,745 [WARN] PackLoader:240 - Cannot read IP mode file for STMicroelectronics.X-CUBE-AZRTOS-F4.1.1.0
2025-09-30 23:31:42,754 [WARN] PackLoader:240 - Cannot read IP mode file for Avnet-IotConnect.X-CUBE-IoTC-DA16k-PMOD.1.0.0
2025-09-30 23:31:42,754 [INFO] WebApp:900 - Register for checkConnection events
2025-09-30 23:31:42,754 [INFO] WebApp:463 - Apply proxy settings
2025-09-30 23:31:42,755 [INFO] WebApp:548 - Chromium requires no authentication
2025-09-30 23:31:42,756 [INFO] WebApp:491 - Direct internet connection detected
2025-09-30 23:31:42,764 [WARN] PackLoader:240 - Cannot read IP mode file for STMicroelectronics.X-CUBE-ISPU.2.1.0
2025-09-30 23:31:42,779 [WARN] PackLoader:240 - Cannot read IP mode file for STMicroelectronics.X-CUBE-NFC12.1.0.0
2025-09-30 23:31:42,818 [WARN] PackLoader:240 - Cannot read IP mode file for STMicroelectronics.X-CUBE-AZRTOS-L5.2.0.0
2025-09-30 23:31:42,830 [WARN] PackLoader:240 - Cannot read IP mode file for STMicroelectronics.X-CUBE-NFC6.3.1.0
2025-09-30 23:31:42,848 [WARN] PackLoader:240 - Cannot read IP mode file for STMicroelectronics.X-CUBE-FREERTOS.1.3.1
2025-09-30 23:31:42,862 [WARN] PackLoader:240 - Cannot read IP mode file for STMicroelectronics.FP-SNS-STAIOTCFT.1.0.0
2025-09-30 23:31:42,936 [WARN] PackLoader:240 - Cannot read IP mode file for STMicroelectronics.X-CUBE-DPower.1.3.0
2025-09-30 23:31:42,956 [INFO] WebApp:225 - Starting web application
2025-09-30 23:31:42,956 [INFO] WebApp:593 - Web application path used C:\ST\STM32CubeIDE_1.19.0\STM32CubeIDE\plugins\com.st.stm32cube.common.mx_6.15.0.202507011659\db\plugins\mcufinder\reactClient1\index.html
2025-09-30 23:31:43,018 [WARN] ConditionMgr:438 - getConditionDescription Invalid condition id : LAN8742 Phy interface Condition cause : null
2025-09-30 23:31:43,019 [WARN] PackLoader:240 - Cannot read IP mode file for STMicroelectronics.X-CUBE-AZRTOS-L4.2.0.0
2025-09-30 23:31:43,019 [WARN] ConditionMgr:1044 - genDependencies : Invalid condition id : LAN8742 Phy interface Condition cause : null
2025-09-30 23:31:43,020 [WARN] ConditionMgr:1044 - genDependencies : Invalid condition id : LAN8742 Phy interface Condition cause : null
2025-09-30 23:31:43,020 [WARN] ConditionMgr:1044 - genDependencies : Invalid condition id : LAN8742 Phy interface Condition cause : null
2025-09-30 23:31:43,034 [WARN] PackLoader:240 - Cannot read IP mode file for STMicroelectronics.X-CUBE-SFXS2LP1.4.0.0
2025-09-30 23:31:43,049 [WARN] PackLoader:240 - Cannot read IP mode file for STMicroelectronics.X-CUBE-BLEMGR.4.1.0
2025-09-30 23:31:43,074 [WARN] ConditionMgr:438 - getConditionDescription Invalid condition id : UX DEVICE CLASS RTOS Condition cause : null
2025-09-30 23:31:43,075 [WARN] ConditionMgr:438 - getConditionDescription Invalid condition id : UX DEVICE CLASS RTOS Condition cause : null
2025-09-30 23:31:43,076 [WARN] PackLoader:240 - Cannot read IP mode file for STMicroelectronics.X-CUBE-AZRTOS-WB.2.0.0
2025-09-30 23:31:43,076 [WARN] ConditionMgr:1044 - genDependencies : Invalid condition id : UX DEVICE CLASS RTOS Condition cause : null
2025-09-30 23:31:43,076 [WARN] ConditionMgr:1044 - genDependencies : Invalid condition id : UX DEVICE CLASS RTOS Condition cause : null
2025-09-30 23:31:43,076 [WARN] ConditionMgr:1044 - genDependencies : Invalid condition id : UX DEVICE CLASS RTOS Condition cause : null
2025-09-30 23:31:43,077 [WARN] ConditionMgr:1044 - genDependencies : Invalid condition id : UX DEVICE CLASS RTOS Condition cause : null
2025-09-30 23:31:43,077 [WARN] ConditionMgr:1044 - genDependencies : Invalid condition id : UX DEVICE CLASS RTOS Condition cause : null
2025-09-30 23:31:43,088 [WARN] PackLoader:240 - Cannot read IP mode file for STMicroelectronics.X-CUBE-GNSS1.7.0.1
2025-09-30 23:31:43,099 [WARN] PackLoader:240 - Cannot read IP mode file for STMicroelectronics.X-CUBE-TOUCHGFX.4.25.0
2025-09-30 23:31:43,108 [WARN] ConditionMgr:438 - getConditionDescription Invalid condition id : Cortex-A Device cause : null
2025-09-30 23:31:43,119 [WARN] ConditionMgr:1044 - genDependencies : Invalid condition id : Cortex-A Device cause : null
2025-09-30 23:31:43,119 [WARN] ConditionMgr:1044 - genDependencies : Invalid condition id : Cortex-A Device cause : null
2025-09-30 23:31:43,120 [WARN] ConditionMgr:1044 - genDependencies : Invalid condition id : Cortex-A Device cause : null
2025-09-30 23:31:43,150 [WARN] PackLoader:240 - Cannot read IP mode file for STMicroelectronics.X-CUBE-SUBG2.5.0.0
2025-09-30 23:31:43,194 [WARN] PackLoader:240 - Cannot read IP mode file for STMicroelectronics.X-CUBE-AZRTOS-H7RS.1.1.0
2025-09-30 23:31:43,204 [WARN] PackLoader:240 - Cannot read IP mode file for Cesanta.I-CUBE-Mongoose.7.13.0
2025-09-30 23:31:43,230 [WARN] PackLoader:240 - Cannot read IP mode file for STMicroelectronics.X-CUBE-AZRTOS-G4.2.0.0
2025-09-30 23:31:43,241 [WARN] PackLoader:240 - Cannot read IP mode file for wolfSSL.I-CUBE-wolfSSH.1.4.20
2025-09-30 23:31:43,251 [WARN] PackLoader:240 - Cannot read IP mode file for STMicroelectronics.X-CUBE-NFC7.2.0.0
2025-09-30 23:31:43,266 [WARN] PackLoader:240 - Cannot read IP mode file for STMicroelectronics.X-CUBE-IPS.3.1.0
2025-09-30 23:31:43,279 [WARN] PackLoader:240 - Cannot read IP mode file for STMicroelectronics.X-CUBE-ALS.1.0.2
2025-09-30 23:31:43,290 [WARN] PackLoader:240 - Cannot read IP mode file for STMicroelectronics.X-CUBE-STSE01.1.0.0
2025-09-30 23:31:43,342 [WARN] PackLoader:240 - Cannot read IP mode file for STMicroelectronics.X-CUBE-TOF1.3.4.3
2025-09-30 23:31:43,350 [INFO] ThirdParty:978 - Integrity check success = true
2025-09-30 23:31:43,350 [INFO] IntegrityCheckThread:100 - exiting critical section [integrity check]
2025-09-30 23:31:43,350 [INFO] IntegrityCheckThread:103 - End integrity checks thread
2025-09-30 23:31:43,526 [INFO] UserAuth:487 - Internet connection configuration mode: 1
2025-09-30 23:31:43,621 [INFO] WebApp:191 - Connection restablished
2025-09-30 23:31:45,541 [ERROR] LogOutputStream:75 - [STDERR_REDIRECT] 
2025-09-30 23:31:45,543 [ERROR] LogOutputStream:75 - [STDERR_REDIRECT] 
